{"/home/runner/work/map-projects-teamDoshirak/map-projects-teamDoshirak/quizgame/src/firebase.js": {"path":"/home/runner/work/map-projects-teamDoshirak/map-projects-teamDoshirak/quizgame/src/firebase.js","statementMap":{"0":{"start":{"line":6,"column":23},"end":{"line":14,"column":1}},"1":{"start":{"line":15,"column":0},"end":{"line":15,"column":38}},"2":{"start":{"line":18,"column":11},"end":{"line":18,"column":31}},"3":{"start":{"line":19,"column":13},"end":{"line":19,"column":28}},"4":{"start":{"line":22,"column":23},"end":{"line":22,"column":47}}},"fnMap":{},"branchMap":{},"s":{"0":1,"1":1,"2":1,"3":1,"4":1},"f":{},"b":{},"_coverageSchema":"43e27e138ebf9cfc5966b082cf9a028302ed4184","hash":"2de79f3e315aa4ac9d898b92d99ef2c62b67e1bc"}
,"/home/runner/work/map-projects-teamDoshirak/map-projects-teamDoshirak/quizgame/src/views/Authorization.vue": {"path":"/home/runner/work/map-projects-teamDoshirak/map-projects-teamDoshirak/quizgame/src/views/Authorization.vue","statementMap":{"0":{"start":{"line":14,"column":0},"end":{"line":14,"column":null}},"1":{"start":{"line":22,"column":0},"end":{"line":22,"column":null}},"2":{"start":{"line":38,"column":0},"end":{"line":47,"column":null}},"3":{"start":{"line":40,"column":0},"end":{"line":40,"column":null}},"4":{"start":{"line":41,"column":0},"end":{"line":41,"column":null}},"5":{"start":{"line":44,"column":0},"end":{"line":44,"column":null}},"6":{"start":{"line":45,"column":0},"end":{"line":45,"column":null}},"7":{"start":{"line":46,"column":0},"end":{"line":46,"column":null}},"8":{"start":{"line":50,"column":0},"end":{"line":50,"column":null}},"9":{"start":{"line":51,"column":0},"end":{"line":60,"column":null}},"10":{"start":{"line":53,"column":0},"end":{"line":53,"column":null}},"11":{"start":{"line":54,"column":0},"end":{"line":54,"column":null}},"12":{"start":{"line":57,"column":0},"end":{"line":57,"column":null}},"13":{"start":{"line":58,"column":0},"end":{"line":58,"column":null}},"14":{"start":{"line":59,"column":0},"end":{"line":59,"column":null}}},"fnMap":{"0":{"name":"(anonymous_1)","decl":{"start":{"line":21,"column":0},"end":{"line":21,"column":null}},"loc":{"start":{"line":21,"column":0},"end":{"line":35,"column":null}}},"1":{"name":"(anonymous_2)","decl":{"start":{"line":37,"column":0},"end":{"line":37,"column":null}},"loc":{"start":{"line":37,"column":0},"end":{"line":48,"column":null}}},"2":{"name":"(anonymous_3)","decl":{"start":{"line":38,"column":0},"end":{"line":38,"column":null}},"loc":{"start":{"line":38,"column":0},"end":{"line":42,"column":null}}},"3":{"name":"(anonymous_4)","decl":{"start":{"line":42,"column":0},"end":{"line":42,"column":null}},"loc":{"start":{"line":42,"column":0},"end":{"line":47,"column":null}}},"4":{"name":"(anonymous_5)","decl":{"start":{"line":49,"column":0},"end":{"line":49,"column":null}},"loc":{"start":{"line":49,"column":0},"end":{"line":61,"column":null}}},"5":{"name":"(anonymous_6)","decl":{"start":{"line":51,"column":0},"end":{"line":51,"column":null}},"loc":{"start":{"line":51,"column":0},"end":{"line":55,"column":null}}},"6":{"name":"(anonymous_7)","decl":{"start":{"line":55,"column":0},"end":{"line":55,"column":null}},"loc":{"start":{"line":55,"column":0},"end":{"line":60,"column":null}}}},"branchMap":{},"s":{"0":1,"1":1,"2":0,"3":0,"4":0,"5":0,"6":0,"7":0,"8":0,"9":0,"10":0,"11":0,"12":0,"13":0,"14":0},"f":{"0":1,"1":0,"2":0,"3":0,"4":0,"5":0,"6":0},"b":{}}
,"/home/runner/work/map-projects-teamDoshirak/map-projects-teamDoshirak/quizgame/src/views/CreateQuiz.vue": {"path":"/home/runner/work/map-projects-teamDoshirak/map-projects-teamDoshirak/quizgame/src/views/CreateQuiz.vue","statementMap":{"0":{"start":{"line":30,"column":0},"end":{"line":30,"column":null}},"1":{"start":{"line":38,"column":0},"end":{"line":38,"column":null}},"2":{"start":{"line":55,"column":0},"end":{"line":55,"column":null}},"3":{"start":{"line":60,"column":0},"end":{"line":60,"column":null}},"4":{"start":{"line":61,"column":0},"end":{"line":65,"column":null}},"5":{"start":{"line":62,"column":0},"end":{"line":62,"column":null}},"6":{"start":{"line":63,"column":0},"end":{"line":63,"column":null}},"7":{"start":{"line":64,"column":0},"end":{"line":64,"column":null}},"8":{"start":{"line":66,"column":0},"end":{"line":66,"column":null}},"9":{"start":{"line":69,"column":0},"end":{"line":69,"column":null}},"10":{"start":{"line":70,"column":0},"end":{"line":70,"column":null}},"11":{"start":{"line":71,"column":0},"end":{"line":71,"column":null}},"12":{"start":{"line":72,"column":0},"end":{"line":72,"column":null}},"13":{"start":{"line":73,"column":0},"end":{"line":73,"column":null}},"14":{"start":{"line":76,"column":0},"end":{"line":76,"column":null}},"15":{"start":{"line":77,"column":0},"end":{"line":77,"column":null}},"16":{"start":{"line":78,"column":0},"end":{"line":78,"column":null}},"17":{"start":{"line":79,"column":0},"end":{"line":79,"column":null}},"18":{"start":{"line":80,"column":0},"end":{"line":80,"column":null}}},"fnMap":{"0":{"name":"(anonymous_1)","decl":{"start":{"line":37,"column":0},"end":{"line":37,"column":null}},"loc":{"start":{"line":37,"column":0},"end":{"line":52,"column":null}}},"1":{"name":"(anonymous_2)","decl":{"start":{"line":54,"column":0},"end":{"line":54,"column":null}},"loc":{"start":{"line":54,"column":0},"end":{"line":58,"column":null}}},"2":{"name":"(anonymous_3)","decl":{"start":{"line":59,"column":0},"end":{"line":59,"column":null}},"loc":{"start":{"line":59,"column":0},"end":{"line":67,"column":null}}},"3":{"name":"(anonymous_4)","decl":{"start":{"line":61,"column":0},"end":{"line":61,"column":null}},"loc":{"start":{"line":61,"column":0},"end":{"line":65,"column":null}}},"4":{"name":"(anonymous_5)","decl":{"start":{"line":68,"column":0},"end":{"line":68,"column":null}},"loc":{"start":{"line":68,"column":0},"end":{"line":81,"column":null}}},"5":{"name":"(anonymous_6)","decl":{"start":{"line":83,"column":0},"end":{"line":83,"column":null}},"loc":{"start":{"line":83,"column":0},"end":{"line":83,"column":null}}}},"branchMap":{"0":{"loc":{"start":{"line":64,"column":0},"end":{"line":64,"column":null}},"type":"cond-expr","locations":[{"start":{"line":64,"column":0},"end":{"line":64,"column":null}},{"start":{"line":64,"column":0},"end":{"line":64,"column":null}}]}},"s":{"0":1,"1":1,"2":0,"3":0,"4":0,"5":0,"6":0,"7":0,"8":0,"9":0,"10":0,"11":0,"12":0,"13":0,"14":0,"15":0,"16":0,"17":0,"18":0},"f":{"0":1,"1":0,"2":0,"3":0,"4":0,"5":1},"b":{"0":[0,0]}}
,"/home/runner/work/map-projects-teamDoshirak/map-projects-teamDoshirak/quizgame/src/views/Quiz.vue": {"path":"/home/runner/work/map-projects-teamDoshirak/map-projects-teamDoshirak/quizgame/src/views/Quiz.vue","statementMap":{"0":{"start":{"line":30,"column":0},"end":{"line":30,"column":null}},"1":{"start":{"line":38,"column":0},"end":{"line":38,"column":null}},"2":{"start":{"line":62,"column":0},"end":{"line":71,"column":null}},"3":{"start":{"line":64,"column":0},"end":{"line":64,"column":null}},"4":{"start":{"line":65,"column":0},"end":{"line":65,"column":null}},"5":{"start":{"line":68,"column":0},"end":{"line":68,"column":null}},"6":{"start":{"line":69,"column":0},"end":{"line":69,"column":null}},"7":{"start":{"line":70,"column":0},"end":{"line":70,"column":null}},"8":{"start":{"line":74,"column":0},"end":{"line":93,"column":null}},"9":{"start":{"line":75,"column":0},"end":{"line":75,"column":null}},"10":{"start":{"line":76,"column":0},"end":{"line":76,"column":null}},"11":{"start":{"line":77,"column":0},"end":{"line":77,"column":null}},"12":{"start":{"line":78,"column":0},"end":{"line":78,"column":null}},"13":{"start":{"line":79,"column":0},"end":{"line":87,"column":null}},"14":{"start":{"line":80,"column":0},"end":{"line":80,"column":null}},"15":{"start":{"line":81,"column":0},"end":{"line":81,"column":null}},"16":{"start":{"line":82,"column":0},"end":{"line":82,"column":null}},"17":{"start":{"line":85,"column":0},"end":{"line":85,"column":null}},"18":{"start":{"line":86,"column":0},"end":{"line":86,"column":null}},"19":{"start":{"line":90,"column":0},"end":{"line":90,"column":null}},"20":{"start":{"line":91,"column":0},"end":{"line":91,"column":null}},"21":{"start":{"line":92,"column":0},"end":{"line":92,"column":null}},"22":{"start":{"line":96,"column":0},"end":{"line":110,"column":null}},"23":{"start":{"line":97,"column":0},"end":{"line":97,"column":null}},"24":{"start":{"line":98,"column":0},"end":{"line":98,"column":null}},"25":{"start":{"line":99,"column":0},"end":{"line":109,"column":null}},"26":{"start":{"line":100,"column":0},"end":{"line":100,"column":null}},"27":{"start":{"line":101,"column":0},"end":{"line":101,"column":null}},"28":{"start":{"line":102,"column":0},"end":{"line":102,"column":null}},"29":{"start":{"line":103,"column":0},"end":{"line":103,"column":null}},"30":{"start":{"line":104,"column":0},"end":{"line":104,"column":null}},"31":{"start":{"line":107,"column":0},"end":{"line":107,"column":null}},"32":{"start":{"line":108,"column":0},"end":{"line":108,"column":null}},"33":{"start":{"line":111,"column":0},"end":{"line":111,"column":null}},"34":{"start":{"line":114,"column":0},"end":{"line":114,"column":null}},"35":{"start":{"line":115,"column":0},"end":{"line":124,"column":null}},"36":{"start":{"line":117,"column":0},"end":{"line":117,"column":null}},"37":{"start":{"line":118,"column":0},"end":{"line":118,"column":null}},"38":{"start":{"line":121,"column":0},"end":{"line":121,"column":null}},"39":{"start":{"line":122,"column":0},"end":{"line":122,"column":null}},"40":{"start":{"line":123,"column":0},"end":{"line":123,"column":null}},"41":{"start":{"line":127,"column":0},"end":{"line":127,"column":null}},"42":{"start":{"line":128,"column":0},"end":{"line":128,"column":null}},"43":{"start":{"line":129,"column":0},"end":{"line":129,"column":null}},"44":{"start":{"line":130,"column":0},"end":{"line":130,"column":null}},"45":{"start":{"line":131,"column":0},"end":{"line":131,"column":null}},"46":{"start":{"line":132,"column":0},"end":{"line":132,"column":null}},"47":{"start":{"line":133,"column":0},"end":{"line":133,"column":null}},"48":{"start":{"line":134,"column":0},"end":{"line":134,"column":null}},"49":{"start":{"line":135,"column":0},"end":{"line":135,"column":null}},"50":{"start":{"line":136,"column":0},"end":{"line":136,"column":null}},"51":{"start":{"line":137,"column":0},"end":{"line":137,"column":null}},"52":{"start":{"line":138,"column":0},"end":{"line":138,"column":null}},"53":{"start":{"line":139,"column":0},"end":{"line":139,"column":null}},"54":{"start":{"line":143,"column":0},"end":{"line":143,"column":null}},"55":{"start":{"line":144,"column":0},"end":{"line":144,"column":null}},"56":{"start":{"line":145,"column":0},"end":{"line":145,"column":null}},"57":{"start":{"line":146,"column":0},"end":{"line":150,"column":null}},"58":{"start":{"line":147,"column":0},"end":{"line":147,"column":null}},"59":{"start":{"line":148,"column":0},"end":{"line":148,"column":null}},"60":{"start":{"line":149,"column":0},"end":{"line":149,"column":null}},"61":{"start":{"line":151,"column":0},"end":{"line":151,"column":null}},"62":{"start":{"line":153,"column":0},"end":{"line":153,"column":null}},"63":{"start":{"line":154,"column":0},"end":{"line":154,"column":null}},"64":{"start":{"line":155,"column":0},"end":{"line":155,"column":null}},"65":{"start":{"line":156,"column":0},"end":{"line":156,"column":null}},"66":{"start":{"line":157,"column":0},"end":{"line":157,"column":null}},"67":{"start":{"line":160,"column":0},"end":{"line":160,"column":null}},"68":{"start":{"line":161,"column":0},"end":{"line":161,"column":null}},"69":{"start":{"line":163,"column":0},"end":{"line":165,"column":null}},"70":{"start":{"line":163,"column":0},"end":{"line":163,"column":null}},"71":{"start":{"line":164,"column":0},"end":{"line":164,"column":null}},"72":{"start":{"line":167,"column":0},"end":{"line":167,"column":null}}},"fnMap":{"0":{"name":"(anonymous_1)","decl":{"start":{"line":37,"column":0},"end":{"line":37,"column":null}},"loc":{"start":{"line":37,"column":0},"end":{"line":59,"column":null}}},"1":{"name":"(anonymous_2)","decl":{"start":{"line":61,"column":0},"end":{"line":61,"column":null}},"loc":{"start":{"line":61,"column":0},"end":{"line":72,"column":null}}},"2":{"name":"(anonymous_3)","decl":{"start":{"line":62,"column":0},"end":{"line":62,"column":null}},"loc":{"start":{"line":62,"column":0},"end":{"line":66,"column":null}}},"3":{"name":"(anonymous_4)","decl":{"start":{"line":66,"column":0},"end":{"line":66,"column":null}},"loc":{"start":{"line":66,"column":0},"end":{"line":71,"column":null}}},"4":{"name":"(anonymous_5)","decl":{"start":{"line":73,"column":0},"end":{"line":73,"column":null}},"loc":{"start":{"line":73,"column":0},"end":{"line":94,"column":null}}},"5":{"name":"(anonymous_6)","decl":{"start":{"line":95,"column":0},"end":{"line":95,"column":null}},"loc":{"start":{"line":95,"column":0},"end":{"line":112,"column":null}}},"6":{"name":"(anonymous_7)","decl":{"start":{"line":113,"column":0},"end":{"line":113,"column":null}},"loc":{"start":{"line":113,"column":0},"end":{"line":125,"column":null}}},"7":{"name":"(anonymous_8)","decl":{"start":{"line":115,"column":0},"end":{"line":115,"column":null}},"loc":{"start":{"line":115,"column":0},"end":{"line":119,"column":null}}},"8":{"name":"(anonymous_9)","decl":{"start":{"line":119,"column":0},"end":{"line":119,"column":null}},"loc":{"start":{"line":119,"column":0},"end":{"line":124,"column":null}}},"9":{"name":"(anonymous_10)","decl":{"start":{"line":126,"column":0},"end":{"line":126,"column":null}},"loc":{"start":{"line":126,"column":0},"end":{"line":140,"column":null}}},"10":{"name":"(anonymous_11)","decl":{"start":{"line":142,"column":0},"end":{"line":142,"column":null}},"loc":{"start":{"line":142,"column":0},"end":{"line":168,"column":null}}},"11":{"name":"(anonymous_12)","decl":{"start":{"line":146,"column":0},"end":{"line":146,"column":null}},"loc":{"start":{"line":146,"column":0},"end":{"line":150,"column":null}}}},"branchMap":{"0":{"loc":{"start":{"line":74,"column":0},"end":{"line":93,"column":null}},"type":"if","locations":[{"start":{"line":74,"column":0},"end":{"line":93,"column":null}},{"start":{"line":74,"column":0},"end":{"line":93,"column":null}}]},"1":{"loc":{"start":{"line":79,"column":0},"end":{"line":87,"column":null}},"type":"if","locations":[{"start":{"line":79,"column":0},"end":{"line":87,"column":null}},{"start":{"line":79,"column":0},"end":{"line":87,"column":null}}]},"2":{"loc":{"start":{"line":96,"column":0},"end":{"line":110,"column":null}},"type":"if","locations":[{"start":{"line":96,"column":0},"end":{"line":110,"column":null}},{"start":{"line":96,"column":0},"end":{"line":110,"column":null}}]},"3":{"loc":{"start":{"line":99,"column":0},"end":{"line":109,"column":null}},"type":"if","locations":[{"start":{"line":99,"column":0},"end":{"line":109,"column":null}},{"start":{"line":99,"column":0},"end":{"line":109,"column":null}}]}},"s":{"0":1,"1":1,"2":0,"3":0,"4":0,"5":0,"6":0,"7":0,"8":4,"9":1,"10":1,"11":1,"12":1,"13":1,"14":0,"15":0,"16":0,"17":1,"18":1,"19":3,"20":3,"21":3,"22":0,"23":0,"24":0,"25":0,"26":0,"27":0,"28":0,"29":0,"30":0,"31":0,"32":0,"33":0,"34":0,"35":0,"36":0,"37":0,"38":0,"39":0,"40":0,"41":0,"42":0,"43":0,"44":0,"45":0,"46":0,"47":0,"48":0,"49":0,"50":0,"51":0,"52":0,"53":0,"54":1,"55":1,"56":0,"57":0,"58":0,"59":0,"60":0,"61":0,"62":0,"63":0,"64":0,"65":0,"66":0,"67":0,"68":0,"69":0,"70":0,"71":0,"72":0},"f":{"0":1,"1":0,"2":0,"3":0,"4":4,"5":0,"6":0,"7":0,"8":0,"9":0,"10":1,"11":0},"b":{"0":[1,3],"1":[0,1],"2":[0,0],"3":[0,0]}}
,"/home/runner/work/map-projects-teamDoshirak/map-projects-teamDoshirak/quizgame/src/views/UserInfo.vue": {"path":"/home/runner/work/map-projects-teamDoshirak/map-projects-teamDoshirak/quizgame/src/views/UserInfo.vue","statementMap":{"0":{"start":{"line":10,"column":0},"end":{"line":10,"column":null}},"1":{"start":{"line":18,"column":0},"end":{"line":18,"column":null}},"2":{"start":{"line":26,"column":0},"end":{"line":31,"column":null}},"3":{"start":{"line":27,"column":0},"end":{"line":27,"column":null}},"4":{"start":{"line":28,"column":0},"end":{"line":28,"column":null}},"5":{"start":{"line":29,"column":0},"end":{"line":29,"column":null}},"6":{"start":{"line":30,"column":0},"end":{"line":30,"column":null}}},"fnMap":{"0":{"name":"(anonymous_1)","decl":{"start":{"line":17,"column":0},"end":{"line":17,"column":null}},"loc":{"start":{"line":17,"column":0},"end":{"line":22,"column":null}}},"1":{"name":"(anonymous_2)","decl":{"start":{"line":25,"column":0},"end":{"line":25,"column":null}},"loc":{"start":{"line":25,"column":0},"end":{"line":32,"column":null}}}},"branchMap":{"0":{"loc":{"start":{"line":26,"column":0},"end":{"line":31,"column":null}},"type":"if","locations":[{"start":{"line":26,"column":0},"end":{"line":31,"column":null}},{"start":{"line":26,"column":0},"end":{"line":31,"column":null}}]}},"s":{"0":1,"1":1,"2":1,"3":0,"4":0,"5":0,"6":0},"f":{"0":1,"1":1},"b":{"0":[0,1]}}
}
